Determining if the pthread_create exist failed with the following output:
Change Dir: /home/rahul/rtabmap_project/CMakeFiles/CMakeTmp

Run Build Command:"/usr/bin/make" "cmTC_dfc4c/fast"
/usr/bin/make -f CMakeFiles/cmTC_dfc4c.dir/build.make CMakeFiles/cmTC_dfc4c.dir/build
make[1]: Entering directory '/home/rahul/rtabmap_project/CMakeFiles/CMakeTmp'
Building C object CMakeFiles/cmTC_dfc4c.dir/CheckSymbolExists.c.o
/usr/bin/cc     -o CMakeFiles/cmTC_dfc4c.dir/CheckSymbolExists.c.o   -c /home/rahul/rtabmap_project/CMakeFiles/CMakeTmp/CheckSymbolExists.c
Linking C executable cmTC_dfc4c
/usr/bin/cmake -E cmake_link_script CMakeFiles/cmTC_dfc4c.dir/link.txt --verbose=1
/usr/bin/cc       CMakeFiles/cmTC_dfc4c.dir/CheckSymbolExists.c.o  -o cmTC_dfc4c -rdynamic 
CMakeFiles/cmTC_dfc4c.dir/CheckSymbolExists.c.o: In function `main':
CheckSymbolExists.c:(.text+0x16): undefined reference to `pthread_create'
collect2: error: ld returned 1 exit status
CMakeFiles/cmTC_dfc4c.dir/build.make:97: recipe for target 'cmTC_dfc4c' failed
make[1]: *** [cmTC_dfc4c] Error 1
make[1]: Leaving directory '/home/rahul/rtabmap_project/CMakeFiles/CMakeTmp'
Makefile:126: recipe for target 'cmTC_dfc4c/fast' failed
make: *** [cmTC_dfc4c/fast] Error 2

File /home/rahul/rtabmap_project/CMakeFiles/CMakeTmp/CheckSymbolExists.c:
/* */
#include <pthread.h>

int main(int argc, char** argv)
{
  (void)argv;
#ifndef pthread_create
  return ((int*)(&pthread_create))[argc];
#else
  (void)argc;
  return 0;
#endif
}

Determining if the function pthread_create exists in the pthreads failed with the following output:
Change Dir: /home/rahul/rtabmap_project/CMakeFiles/CMakeTmp

Run Build Command:"/usr/bin/make" "cmTC_a26b4/fast"
/usr/bin/make -f CMakeFiles/cmTC_a26b4.dir/build.make CMakeFiles/cmTC_a26b4.dir/build
make[1]: Entering directory '/home/rahul/rtabmap_project/CMakeFiles/CMakeTmp'
Building C object CMakeFiles/cmTC_a26b4.dir/CheckFunctionExists.c.o
/usr/bin/cc    -DCHECK_FUNCTION_EXISTS=pthread_create   -o CMakeFiles/cmTC_a26b4.dir/CheckFunctionExists.c.o   -c /usr/share/cmake-3.5/Modules/CheckFunctionExists.c
Linking C executable cmTC_a26b4
/usr/bin/cmake -E cmake_link_script CMakeFiles/cmTC_a26b4.dir/link.txt --verbose=1
/usr/bin/cc   -DCHECK_FUNCTION_EXISTS=pthread_create    CMakeFiles/cmTC_a26b4.dir/CheckFunctionExists.c.o  -o cmTC_a26b4 -rdynamic -lpthreads 
/usr/bin/ld: cannot find -lpthreads
collect2: error: ld returned 1 exit status
CMakeFiles/cmTC_a26b4.dir/build.make:97: recipe for target 'cmTC_a26b4' failed
make[1]: *** [cmTC_a26b4] Error 1
make[1]: Leaving directory '/home/rahul/rtabmap_project/CMakeFiles/CMakeTmp'
Makefile:126: recipe for target 'cmTC_a26b4/fast' failed
make: *** [cmTC_a26b4/fast] Error 2


Determining if the Q_WS_WIN exist failed with the following output:
Change Dir: /home/rahul/rtabmap_project/CMakeFiles/CMakeTmp

Run Build Command:"/usr/bin/make" "cmTC_99fc9/fast"
/usr/bin/make -f CMakeFiles/cmTC_99fc9.dir/build.make CMakeFiles/cmTC_99fc9.dir/build
make[1]: Entering directory '/home/rahul/rtabmap_project/CMakeFiles/CMakeTmp'
Building CXX object CMakeFiles/cmTC_99fc9.dir/CheckSymbolExists.cxx.o
/usr/bin/c++    -I/usr/include/qt4   -o CMakeFiles/cmTC_99fc9.dir/CheckSymbolExists.cxx.o -c /home/rahul/rtabmap_project/CMakeFiles/CMakeTmp/CheckSymbolExists.cxx
/home/rahul/rtabmap_project/CMakeFiles/CMakeTmp/CheckSymbolExists.cxx: In function ‘int main(int, char**)’:
/home/rahul/rtabmap_project/CMakeFiles/CMakeTmp/CheckSymbolExists.cxx:8:19: error: ‘Q_WS_WIN’ was not declared in this scope
   return ((int*)(&Q_WS_WIN))[argc];
                   ^
CMakeFiles/cmTC_99fc9.dir/build.make:65: recipe for target 'CMakeFiles/cmTC_99fc9.dir/CheckSymbolExists.cxx.o' failed
make[1]: *** [CMakeFiles/cmTC_99fc9.dir/CheckSymbolExists.cxx.o] Error 1
make[1]: Leaving directory '/home/rahul/rtabmap_project/CMakeFiles/CMakeTmp'
Makefile:126: recipe for target 'cmTC_99fc9/fast' failed
make: *** [cmTC_99fc9/fast] Error 2

File /home/rahul/rtabmap_project/CMakeFiles/CMakeTmp/CheckSymbolExists.cxx:
/* */
#include <QtCore/qglobal.h>

int main(int argc, char** argv)
{
  (void)argv;
#ifndef Q_WS_WIN
  return ((int*)(&Q_WS_WIN))[argc];
#else
  (void)argc;
  return 0;
#endif
}

Determining if the Q_WS_QWS exist failed with the following output:
Change Dir: /home/rahul/rtabmap_project/CMakeFiles/CMakeTmp

Run Build Command:"/usr/bin/make" "cmTC_76aaa/fast"
/usr/bin/make -f CMakeFiles/cmTC_76aaa.dir/build.make CMakeFiles/cmTC_76aaa.dir/build
make[1]: Entering directory '/home/rahul/rtabmap_project/CMakeFiles/CMakeTmp'
Building CXX object CMakeFiles/cmTC_76aaa.dir/CheckSymbolExists.cxx.o
/usr/bin/c++    -I/usr/include/qt4   -o CMakeFiles/cmTC_76aaa.dir/CheckSymbolExists.cxx.o -c /home/rahul/rtabmap_project/CMakeFiles/CMakeTmp/CheckSymbolExists.cxx
/home/rahul/rtabmap_project/CMakeFiles/CMakeTmp/CheckSymbolExists.cxx: In function ‘int main(int, char**)’:
/home/rahul/rtabmap_project/CMakeFiles/CMakeTmp/CheckSymbolExists.cxx:8:19: error: ‘Q_WS_QWS’ was not declared in this scope
   return ((int*)(&Q_WS_QWS))[argc];
                   ^
CMakeFiles/cmTC_76aaa.dir/build.make:65: recipe for target 'CMakeFiles/cmTC_76aaa.dir/CheckSymbolExists.cxx.o' failed
make[1]: *** [CMakeFiles/cmTC_76aaa.dir/CheckSymbolExists.cxx.o] Error 1
make[1]: Leaving directory '/home/rahul/rtabmap_project/CMakeFiles/CMakeTmp'
Makefile:126: recipe for target 'cmTC_76aaa/fast' failed
make: *** [cmTC_76aaa/fast] Error 2

File /home/rahul/rtabmap_project/CMakeFiles/CMakeTmp/CheckSymbolExists.cxx:
/* */
#include <QtCore/qglobal.h>

int main(int argc, char** argv)
{
  (void)argv;
#ifndef Q_WS_QWS
  return ((int*)(&Q_WS_QWS))[argc];
#else
  (void)argc;
  return 0;
#endif
}

Determining if the Q_WS_MAC exist failed with the following output:
Change Dir: /home/rahul/rtabmap_project/CMakeFiles/CMakeTmp

Run Build Command:"/usr/bin/make" "cmTC_288d3/fast"
/usr/bin/make -f CMakeFiles/cmTC_288d3.dir/build.make CMakeFiles/cmTC_288d3.dir/build
make[1]: Entering directory '/home/rahul/rtabmap_project/CMakeFiles/CMakeTmp'
Building CXX object CMakeFiles/cmTC_288d3.dir/CheckSymbolExists.cxx.o
/usr/bin/c++    -I/usr/include/qt4   -o CMakeFiles/cmTC_288d3.dir/CheckSymbolExists.cxx.o -c /home/rahul/rtabmap_project/CMakeFiles/CMakeTmp/CheckSymbolExists.cxx
/home/rahul/rtabmap_project/CMakeFiles/CMakeTmp/CheckSymbolExists.cxx: In function ‘int main(int, char**)’:
/home/rahul/rtabmap_project/CMakeFiles/CMakeTmp/CheckSymbolExists.cxx:8:19: error: ‘Q_WS_MAC’ was not declared in this scope
   return ((int*)(&Q_WS_MAC))[argc];
                   ^
CMakeFiles/cmTC_288d3.dir/build.make:65: recipe for target 'CMakeFiles/cmTC_288d3.dir/CheckSymbolExists.cxx.o' failed
make[1]: *** [CMakeFiles/cmTC_288d3.dir/CheckSymbolExists.cxx.o] Error 1
make[1]: Leaving directory '/home/rahul/rtabmap_project/CMakeFiles/CMakeTmp'
Makefile:126: recipe for target 'cmTC_288d3/fast' failed
make: *** [cmTC_288d3/fast] Error 2

File /home/rahul/rtabmap_project/CMakeFiles/CMakeTmp/CheckSymbolExists.cxx:
/* */
#include <QtCore/qglobal.h>

int main(int argc, char** argv)
{
  (void)argv;
#ifndef Q_WS_MAC
  return ((int*)(&Q_WS_MAC))[argc];
#else
  (void)argc;
  return 0;
#endif
}

